<html>
<head>
<title>TestNG:  Default test</title>
<link href="../testng.css" rel="stylesheet" type="text/css" />
<link href="../my-testng.css" rel="stylesheet" type="text/css" />

<style type="text/css">
.log { display: none;} 
.stack-trace { display: none;} 
</style>
<script type="text/javascript">
<!--
function flip(e) {
  current = e.style.display;
  if (current == 'block') {
    e.style.display = 'none';
    return 0;
  }
  else {
    e.style.display = 'block';
    return 1;
  }
}

function toggleBox(szDivId, elem, msg1, msg2)
{
  var res = -1;  if (document.getElementById) {
    res = flip(document.getElementById(szDivId));
  }
  else if (document.all) {
    // this is the way old msie versions work
    res = flip(document.all[szDivId]);
  }
  if(elem) {
    if(res == 0) elem.innerHTML = msg1; else elem.innerHTML = msg2;
  }

}

function toggleAllBoxes() {
  if (document.getElementsByTagName) {
    d = document.getElementsByTagName('div');
    for (i = 0; i < d.length; i++) {
      if (d[i].className == 'log') {
        flip(d[i]);
      }
    }
  }
}

// -->
</script>

</head>
<body>
<h2 align='center'>Default test</h2><table border='1' align="center">
<tr>
<td>Tests passed/Failed/Skipped:</td><td>2/4/0</td>
</tr><tr>
<td>Started on:</td><td>Thu May 23 16:47:13 IST 2024</td>
</tr>
<tr><td>Total time:</td><td>49 seconds (49791 ms)</td>
</tr><tr>
<td>Included groups:</td><td></td>
</tr><tr>
<td>Excluded groups:</td><td></td>
</tr>
</table><p/>
<small><i>(Hover the method name to see the test class name)</i></small><p/>
<table width='100%' border='1' class='invocation-failed'>
<tr><td colspan='4' align='center'><b>FAILED TESTS</b></td></tr>
<tr><td><b>Test method</b></td>
<td><b>Attribute(s)</b></td>
<td width="30%"><b>Exception</b></td>
<td width="10%"><b>Time (seconds)</b></td>
<td><b>Instance</b></td>
</tr>
<tr>
<td title='com.ust.nopcommercebdd.CucumberRunner.runScenario()'><b>runScenario</b><br>Test class: com.ust.nopcommercebdd.CucumberRunner<br>Test method: Runs Cucumber Scenarios<br>Parameters: "Search the invalid item", "Search Functionality of nopcommerce"</td>
<td><div><pre>java.lang.NullPointerException: Cannot invoke &quot;org.openqa.selenium.WebDriver.get(String)&quot; because &quot;this.driver&quot; is null
	at com.ust.nopcommercebdd.SearchTest.the_user_in_the_search_page(SearchTest.java:41)
	at ✽.the user in the search page(file:///C:/Users/271501/eclipse-workspace/nopcommercebdd/src/test/java/com/ust/nopcommercebdd/search.feature:10)
</pre></div><a href='#' onClick='toggleBox("stack-trace933293116", this, "Click to show all stack frames", "Click to hide stack frames")'>Click to show all stack frames</a>
<div class='stack-trace' id='stack-trace933293116'><pre>java.lang.NullPointerException: Cannot invoke &quot;org.openqa.selenium.WebDriver.get(String)&quot; because &quot;this.driver&quot; is null
	at com.ust.nopcommercebdd.SearchTest.the_user_in_the_search_page(SearchTest.java:41)
	at ✽.the user in the search page(file:///C:/Users/271501/eclipse-workspace/nopcommercebdd/src/test/java/com/ust/nopcommercebdd/search.feature:10)
</pre></div></td>
<td>0</td>
<td>com.ust.nopcommercebdd.CucumberRunner@7ae0a9ec</td></tr>
<tr>
<td title='com.ust.nopcommercebdd.CucumberRunner.runScenario()'><b>runScenario</b><br>Test class: com.ust.nopcommercebdd.CucumberRunner<br>Test method: Runs Cucumber Scenarios<br>Parameters: "login with valid credentials", "Login Functionality in nopecommerce"</td>
<td><div><pre>org.openqa.selenium.NoSuchElementException: no such element: Unable to locate element: {&quot;method&quot;:&quot;css selector&quot;,&quot;selector&quot;:&quot;.ico\-logout&quot;}
  (Session info: chrome=124.0.6367.210)
For documentation on this error, please visit: https://www.selenium.dev/documentation/webdriver/troubleshooting/errors#no-such-element-exception
Build info: version: &apos;4.13.0&apos;, revision: &apos;ba948ece5b*&apos;
System info: os.name: &apos;Windows 10&apos;, os.arch: &apos;amd64&apos;, os.version: &apos;10.0&apos;, java.version: &apos;17.0.10&apos;
Driver info: org.openqa.selenium.chrome.ChromeDriver
Command: [1e072adad9ff910bea9af3f8160c4eb4, findElement {using=class name, value=ico-logout}]
Capabilities {acceptInsecureCerts: false, browserName: chrome, browserVersion: 124.0.6367.210, chrome: {chromedriverVersion: 124.0.6367.207 (a9001a6e39f..., userDataDir: C:\Users\271501\AppData\Loc...}, fedcm:accounts: true, goog:chromeOptions: {debuggerAddress: localhost:58870}, networkConnectionEnabled: false, pageLoadStrategy: normal, platformName: windows, proxy: Proxy(), se:cdp: ws://localhost:58870/devtoo..., se:cdpVersion: 124.0.6367.210, setWindowRect: true, strictFileInteractability: false, timeouts: {implicit: 0, pageLoad: 300000, script: 30000}, unhandledPromptBehavior: dismiss and notify, webauthn:extension:credBlob: true, webauthn:extension:largeBlob: true, webauthn:extension:minPinLength: true, webauthn:extension:prf: true, webauthn:virtualAuthenticators: true}
Session ID: 1e072adad9ff910bea9af3f8160c4eb4
	at java.base/jdk.internal.reflect.NativeConstructorAccessorImpl.newInstance0(Native Method)
	at java.base/jdk.internal.reflect.NativeConstructorAccessorImpl.newInstance(NativeConstructorAccessorImpl.java:77)
	at java.base/jdk.internal.reflect.DelegatingConstructorAccessorImpl.newInstance(DelegatingConstructorAccessorImpl.java:45)
	at java.base/java.lang.reflect.Constructor.newInstanceWithCaller(Constructor.java:499)
	at java.base/java.lang.reflect.Constructor.newInstance(Constructor.java:480)
	at org.openqa.selenium.remote.codec.w3c.W3CHttpResponseCodec.createException(W3CHttpResponseCodec.java:200)
	at org.openqa.selenium.remote.codec.w3c.W3CHttpResponseCodec.decode(W3CHttpResponseCodec.java:133)
	at org.openqa.selenium.remote.codec.w3c.W3CHttpResponseCodec.decode(W3CHttpResponseCodec.java:52)
	at org.openqa.selenium.remote.HttpCommandExecutor.execute(HttpCommandExecutor.java:191)
	at org.openqa.selenium.remote.service.DriverCommandExecutor.invokeExecute(DriverCommandExecutor.java:196)
	at org.openqa.selenium.remote.service.DriverCommandExecutor.execute(DriverCommandExecutor.java:171)
	at org.openqa.selenium.remote.RemoteWebDriver.execute(RemoteWebDriver.java:602)
	at org.openqa.selenium.remote.ElementLocation$ElementFinder$2.findElement(ElementLocation.java:165)
	at org.openqa.selenium.remote.ElementLocation.findElement(ElementLocation.java:59)
	at org.openqa.selenium.remote.RemoteWebDriver.findElement(RemoteWebDriver.java:359)
	at org.openqa.selenium.remote.RemoteWebDriver.findElement(RemoteWebDriver.java:353)
	at com.ust.nopcommercebdd.LoginPage.loginValidation(LoginPage.java:43)
	at com.ust.nopcommercebdd.LoginTest.the_user_should_be_logged_in_successfully(LoginTest.java:54)
	at ✽.the user should be logged in successfully(file:///C:/Users/271501/eclipse-workspace/nopcommercebdd/src/test/java/com/ust/nopcommercebdd/login.feature:7)
</pre></div><a href='#' onClick='toggleBox("stack-trace876945112", this, "Click to show all stack frames", "Click to hide stack frames")'>Click to show all stack frames</a>
<div class='stack-trace' id='stack-trace876945112'><pre>org.openqa.selenium.NoSuchElementException: no such element: Unable to locate element: {&quot;method&quot;:&quot;css selector&quot;,&quot;selector&quot;:&quot;.ico\-logout&quot;}
  (Session info: chrome=124.0.6367.210)
For documentation on this error, please visit: https://www.selenium.dev/documentation/webdriver/troubleshooting/errors#no-such-element-exception
Build info: version: &apos;4.13.0&apos;, revision: &apos;ba948ece5b*&apos;
System info: os.name: &apos;Windows 10&apos;, os.arch: &apos;amd64&apos;, os.version: &apos;10.0&apos;, java.version: &apos;17.0.10&apos;
Driver info: org.openqa.selenium.chrome.ChromeDriver
Command: [1e072adad9ff910bea9af3f8160c4eb4, findElement {using=class name, value=ico-logout}]
Capabilities {acceptInsecureCerts: false, browserName: chrome, browserVersion: 124.0.6367.210, chrome: {chromedriverVersion: 124.0.6367.207 (a9001a6e39f..., userDataDir: C:\Users\271501\AppData\Loc...}, fedcm:accounts: true, goog:chromeOptions: {debuggerAddress: localhost:58870}, networkConnectionEnabled: false, pageLoadStrategy: normal, platformName: windows, proxy: Proxy(), se:cdp: ws://localhost:58870/devtoo..., se:cdpVersion: 124.0.6367.210, setWindowRect: true, strictFileInteractability: false, timeouts: {implicit: 0, pageLoad: 300000, script: 30000}, unhandledPromptBehavior: dismiss and notify, webauthn:extension:credBlob: true, webauthn:extension:largeBlob: true, webauthn:extension:minPinLength: true, webauthn:extension:prf: true, webauthn:virtualAuthenticators: true}
Session ID: 1e072adad9ff910bea9af3f8160c4eb4
	at java.base/jdk.internal.reflect.NativeConstructorAccessorImpl.newInstance0(Native Method)
	at java.base/jdk.internal.reflect.NativeConstructorAccessorImpl.newInstance(NativeConstructorAccessorImpl.java:77)
	at java.base/jdk.internal.reflect.DelegatingConstructorAccessorImpl.newInstance(DelegatingConstructorAccessorImpl.java:45)
	at java.base/java.lang.reflect.Constructor.newInstanceWithCaller(Constructor.java:499)
	at java.base/java.lang.reflect.Constructor.newInstance(Constructor.java:480)
	at org.openqa.selenium.remote.codec.w3c.W3CHttpResponseCodec.createException(W3CHttpResponseCodec.java:200)
	at org.openqa.selenium.remote.codec.w3c.W3CHttpResponseCodec.decode(W3CHttpResponseCodec.java:133)
	at org.openqa.selenium.remote.codec.w3c.W3CHttpResponseCodec.decode(W3CHttpResponseCodec.java:52)
	at org.openqa.selenium.remote.HttpCommandExecutor.execute(HttpCommandExecutor.java:191)
	at org.openqa.selenium.remote.service.DriverCommandExecutor.invokeExecute(DriverCommandExecutor.java:196)
	at org.openqa.selenium.remote.service.DriverCommandExecutor.execute(DriverCommandExecutor.java:171)
	at org.openqa.selenium.remote.RemoteWebDriver.execute(RemoteWebDriver.java:602)
	at org.openqa.selenium.remote.ElementLocation$ElementFinder$2.findElement(ElementLocation.java:165)
	at org.openqa.selenium.remote.ElementLocation.findElement(ElementLocation.java:59)
	at org.openqa.selenium.remote.RemoteWebDriver.findElement(RemoteWebDriver.java:359)
	at org.openqa.selenium.remote.RemoteWebDriver.findElement(RemoteWebDriver.java:353)
	at com.ust.nopcommercebdd.LoginPage.loginValidation(LoginPage.java:43)
	at com.ust.nopcommercebdd.LoginTest.the_user_should_be_logged_in_successfully(LoginTest.java:54)
	at ✽.the user should be logged in successfully(file:///C:/Users/271501/eclipse-workspace/nopcommercebdd/src/test/java/com/ust/nopcommercebdd/login.feature:7)
</pre></div></td>
<td>33</td>
<td>com.ust.nopcommercebdd.CucumberRunner@7ae0a9ec</td></tr>
<tr>
<td title='com.ust.nopcommercebdd.CucumberRunner.runScenario()'><b>runScenario</b><br>Test class: com.ust.nopcommercebdd.CucumberRunner<br>Test method: Runs Cucumber Scenarios<br>Parameters: "Search the valid item", "Search Functionality of nopcommerce"</td>
<td><div><pre>java.lang.NullPointerException: Cannot invoke &quot;org.openqa.selenium.WebDriver.get(String)&quot; because &quot;this.driver&quot; is null
	at com.ust.nopcommercebdd.SearchTest.the_user_in_the_search_page(SearchTest.java:41)
	at ✽.the user in the search page(file:///C:/Users/271501/eclipse-workspace/nopcommercebdd/src/test/java/com/ust/nopcommercebdd/search.feature:16)
</pre></div><a href='#' onClick='toggleBox("stack-trace1654999368", this, "Click to show all stack frames", "Click to hide stack frames")'>Click to show all stack frames</a>
<div class='stack-trace' id='stack-trace1654999368'><pre>java.lang.NullPointerException: Cannot invoke &quot;org.openqa.selenium.WebDriver.get(String)&quot; because &quot;this.driver&quot; is null
	at com.ust.nopcommercebdd.SearchTest.the_user_in_the_search_page(SearchTest.java:41)
	at ✽.the user in the search page(file:///C:/Users/271501/eclipse-workspace/nopcommercebdd/src/test/java/com/ust/nopcommercebdd/search.feature:16)
</pre></div></td>
<td>0</td>
<td>com.ust.nopcommercebdd.CucumberRunner@7ae0a9ec</td></tr>
<tr>
<td title='com.ust.nopcommercebdd.CucumberRunner.runScenario()'><b>runScenario</b><br>Test class: com.ust.nopcommercebdd.CucumberRunner<br>Test method: Runs Cucumber Scenarios<br>Parameters: "Search with null value", "Search Functionality of nopcommerce"</td>
<td><div><pre>java.lang.NullPointerException: Cannot invoke &quot;org.openqa.selenium.WebDriver.get(String)&quot; because &quot;this.driver&quot; is null
	at com.ust.nopcommercebdd.SearchTest.the_user_in_the_search_page(SearchTest.java:41)
	at ✽.the user in the search page(file:///C:/Users/271501/eclipse-workspace/nopcommercebdd/src/test/java/com/ust/nopcommercebdd/search.feature:4)
</pre></div><a href='#' onClick='toggleBox("stack-trace1400142922", this, "Click to show all stack frames", "Click to hide stack frames")'>Click to show all stack frames</a>
<div class='stack-trace' id='stack-trace1400142922'><pre>java.lang.NullPointerException: Cannot invoke &quot;org.openqa.selenium.WebDriver.get(String)&quot; because &quot;this.driver&quot; is null
	at com.ust.nopcommercebdd.SearchTest.the_user_in_the_search_page(SearchTest.java:41)
	at ✽.the user in the search page(file:///C:/Users/271501/eclipse-workspace/nopcommercebdd/src/test/java/com/ust/nopcommercebdd/search.feature:4)
</pre></div></td>
<td>0</td>
<td>com.ust.nopcommercebdd.CucumberRunner@7ae0a9ec</td></tr>
</table><p>
<table width='100%' border='1' class='invocation-passed'>
<tr><td colspan='4' align='center'><b>PASSED TESTS</b></td></tr>
<tr><td><b>Test method</b></td>
<td><b>Attribute(s)</b></td>
<td width="30%"><b>Exception</b></td>
<td width="10%"><b>Time (seconds)</b></td>
<td><b>Instance</b></td>
</tr>
<tr>
<td title='com.ust.nopcommercebdd.CucumberRunner.runScenario()'><b>runScenario</b><br>Test class: com.ust.nopcommercebdd.CucumberRunner<br>Test method: Runs Cucumber Scenarios<br>Parameters: "login with null values", "Login Functionality in nopecommerce"</td>
<td></td>
<td>0</td>
<td>com.ust.nopcommercebdd.CucumberRunner@7ae0a9ec</td></tr>
<tr>
<td title='com.ust.nopcommercebdd.CucumberRunner.runScenario()'><b>runScenario</b><br>Test class: com.ust.nopcommercebdd.CucumberRunner<br>Test method: Runs Cucumber Scenarios<br>Parameters: "login with invalid credentials", "Login Functionality in nopecommerce"</td>
<td></td>
<td>1</td>
<td>com.ust.nopcommercebdd.CucumberRunner@7ae0a9ec</td></tr>
</table><p>
</body>
</html>